<?xml version="1.0" encoding="UTF-8"?>
<!-- Generated by org.testng.reporters.JUnitReportReporter -->
<testsuite hostname="LAPTOP-DD5B7ORT" failures="0" tests="1" name="sampletestng.Example1" time="0.010" errors="0" timestamp="2024-09-25T14:52:59 IST" skipped="0">
  <testcase classname="sampletestng.Example1" name="f" time="0.010"/>
</testsuite> <!-- sampletestng.Example1 -->
